  pch.cpp
  UnitTest1.cpp
     Creating library C:\Users\Admin\Desktop\OOP 3.3\OOP 3.3\Debug\UnitTest1.lib and object C:\Users\Admin\Desktop\OOP 3.3\OOP 3.3\Debug\UnitTest1.exp
UnitTest1.obj : error LNK2019: unresolved external symbol "public: __thiscall FuzzyNumber::FuzzyNumber(double,double,double)" (??0FuzzyNumber@@QAE@NNN@Z) referenced in function "public: __thiscall FuzzyNumber_Private::FuzzyNumber_Private(double,double,double)" (??0FuzzyNumber_Private@@QAE@NNN@Z)
C:\Users\Admin\Desktop\OOP 3.3\OOP 3.3\Debug\UnitTest1.dll : fatal error LNK1120: 1 unresolved externals
